<?xml version="1.0" encoding="UTF-8"?>
<testng-results skipped="0" failed="0" ignored="0" total="1" passed="1">
  <reporter-output>
  </reporter-output>
  <suite name="Default suite" duration-ms="739" started-at="2018-10-18T04:36:10Z" finished-at="2018-10-18T04:36:11Z">
    <groups>
    </groups>
    <test name="Default test" duration-ms="739" started-at="2018-10-18T04:36:10Z" finished-at="2018-10-18T04:36:11Z">
      <class name="Extend">
        <test-method status="PASS" signature="testm()[pri:0, instance:Extend@28feb3fa]" name="testm" duration-ms="712" started-at="2018-10-18T10:06:10Z" finished-at="2018-10-18T10:06:11Z">
          <reporter-output>
          </reporter-output>
        </test-method> <!-- testm -->
      </class> <!-- Extend -->
    </test> <!-- Default test -->
  </suite> <!-- Default suite -->
</testng-results>
